15:21:36 **** Build of configuration Nios II for project j ****
make all 
Info: Building ../j_bsp/
C:/intelFPGA/17.0/nios2eds/bin/gnu/H-x86_64-mingw32/bin/make --no-print-directory -C ../j_bsp/
[BSP build complete]
Info: Compiling hello_world.c to obj/default/hello_world.o
nios2-elf-gcc -xc -MP -MMD -c -I../j_bsp//HAL/inc -I../j_bsp/ -I../j_bsp//drivers/inc  -pipe -D__hal__ -DALT_NO_INSTRUCTION_EMULATION -DALT_SINGLE_THREADED    -O0 -g -Wall   -mno-hw-div -mno-hw-mul -mno-hw-mulx -mgpopt=global  -o obj/default/hello_world.o hello_world.c
Info: Linking j.elf
nios2-elf-g++  -T'../j_bsp//linker.x' -msys-crt0='../j_bsp//obj/HAL/src/crt0.o' -msys-lib=hal_bsp -L../j_bsp/   -Wl,-Map=j.map   -O0 -g -Wall   -mno-hw-div -mno-hw-mul -mno-hw-mulx -mgpopt=global  -o j.elf obj/default/hello_world.o -lm -msys-lib=m
c:/intelfpga/17.0/nios2eds/bin/gnu/h-x86_64-mingw32/bin/../lib/gcc/nios2-elf/5.3.0/../../../../../H-x86_64-mingw32/nios2-elf/bin/ld.exe: j.elf section `.text' will not fit in region `onchip_men1'
c:/intelfpga/17.0/nios2eds/bin/gnu/h-x86_64-mingw32/bin/../lib/gcc/nios2-elf/5.3.0/../../../../../H-x86_64-mingw32/nios2-elf/bin/ld.exe: address 0xf304 of j.elf section `.rwdata' is not within region `onchip_men1'
c:/intelfpga/17.0/nios2eds/bin/gnu/h-x86_64-mingw32/bin/../lib/gcc/nios2-elf/5.3.0/../../../../../H-x86_64-mingw32/nios2-elf/bin/ld.exe: address 0x10ec4 of j.elf section `.bss' is not within region `onchip_men1'
c:/intelfpga/17.0/nios2eds/bin/gnu/h-x86_64-mingw32/bin/../lib/gcc/nios2-elf/5.3.0/../../../../../H-x86_64-mingw32/nios2-elf/bin/ld.exe: address 0xf304 of j.elf section `.rwdata' is not within region `onchip_men1'
c:/intelfpga/17.0/nios2eds/bin/gnu/h-x86_64-mingw32/bin/../lib/gcc/nios2-elf/5.3.0/../../../../../H-x86_64-mingw32/nios2-elf/bin/ld.exe: address 0x10ec4 of j.elf section `.bss' is not within region `onchip_men1'
c:/intelfpga/17.0/nios2eds/bin/gnu/h-x86_64-mingw32/bin/../lib/gcc/nios2-elf/5.3.0/../../../../../H-x86_64-mingw32/nios2-elf/bin/ld.exe: region `onchip_men1' overflowed by 16068 bytes
collect2.exe: error: ld returned 1 exit status
make: *** [j.elf] Error 1

15:21:38 Build Finished (took 1s.843ms)

